2024-01-15 08:00:01 INFO  [app] Server started on port 8080
2024-01-15 08:00:05 INFO  [db] Connected to postgres
2024-01-15 08:00:10 INFO  [app] Configuration loaded successfully
2024-01-15 08:01:22 WARN  [app] High memory usage: 85%
2024-01-15 08:01:45 INFO  [nginx] Upstream connection established
2024-01-15 08:02:03 ERROR [app] Connection refused: redis:6379
2024-01-15 08:02:10 INFO  [app] Retrying redis connection (attempt 1/3)
2024-01-15 08:02:15 INFO  [app] Retrying redis connection (attempt 2/3)
2024-01-15 08:02:20 ERROR [app] Redis connection failed after 3 attempts
2024-01-15 08:03:44 ERROR [app] Connection refused: redis:6379
2024-01-15 08:04:00 INFO  [db] Query completed in 12ms
2024-01-15 08:04:30 WARN  [app] Request queue depth: 50
2024-01-15 08:05:00 INFO  [app] Health check passed
2024-01-15 08:05:15 INFO  [nginx] 200 GET /api/health 5ms
2024-01-15 08:06:00 INFO  [db] Vacuum completed on table: sessions
2024-01-15 08:07:00 WARN  [app] CPU usage: 92%
2024-01-15 08:08:00 INFO  [app] Garbage collection completed
2024-01-15 08:09:30 INFO  [nginx] 200 GET /api/users 23ms
2024-01-15 08:10:00 INFO  [db] Checkpoint completed
2024-01-15 08:11:00 INFO  [app] Metrics exported to prometheus
